\BOOKMARK [1][-]{section.1}{\376\377\230\171\166\356\200\314\146\157\116\016\166\356\150\007}{}% 1
\BOOKMARK [2][-]{subsection.1.1}{\376\377\230\171\166\356\200\314\146\157}{section.1}% 2
\BOOKMARK [2][-]{subsection.1.2}{\376\377\230\171\166\356\166\356\150\007}{section.1}% 3
\BOOKMARK [1][-]{section.2}{\376\377\116\073\211\201\213\250\213\272\121\205\133\271}{}% 4
\BOOKMARK [2][-]{subsection.2.1}{\376\377\122\237\200\375\227\000\154\102\122\006\147\220}{section.2}% 5
\BOOKMARK [3][-]{subsubsection.2.1.1}{\376\377\127\072\146\157\146\076\171\072\152\041\127\127}{subsection.2.1}% 6
\BOOKMARK [3][-]{subsubsection.2.1.2}{\376\377\211\322\202\162\174\373\176\337\152\041\127\127}{subsection.2.1}% 7
\BOOKMARK [3][-]{subsubsection.2.1.3}{\376\377\143\247\122\066\174\373\176\337\152\041\127\127}{subsection.2.1}% 8
\BOOKMARK [3][-]{subsubsection.2.1.4}{\376\377\170\260\144\236\174\373\176\337\152\041\127\127}{subsection.2.1}% 9
\BOOKMARK [3][-]{subsubsection.2.1.5}{\376\377\127\072\146\157\173\241\164\006\152\041\127\127}{subsection.2.1}% 10
\BOOKMARK [3][-]{subsubsection.2.1.6}{\376\377\133\371\213\335\174\373\176\337\152\041\127\127}{subsection.2.1}% 11
\BOOKMARK [3][-]{subsubsection.2.1.7}{\376\377\142\030\145\227\174\373\176\337\152\041\127\127}{subsection.2.1}% 12
\BOOKMARK [3][-]{subsubsection.2.1.8}{\376\377\227\363\145\110\174\373\176\337\152\041\127\127}{subsection.2.1}% 13
\BOOKMARK [2][-]{subsection.2.2}{\376\377\142\200\147\057\145\271\150\110\213\276\213\241}{section.2}% 14
\BOOKMARK [3][-]{subsubsection.2.2.1}{\376\377\142\200\147\057\220\011\127\213}{subsection.2.2}% 15
\BOOKMARK [3][-]{subsubsection.2.2.2}{\376\377\174\373\176\337\147\266\147\204}{subsection.2.2}% 16
\BOOKMARK [3][-]{subsubsection.2.2.3}{\376\377\150\070\137\303\116\032\122\241\155\101\172\013}{subsection.2.2}% 17
\BOOKMARK [2][-]{subsection.2.3}{\376\377\150\070\137\303\116\032\122\241\155\101\172\013\213\346\176\306\213\364\146\016}{section.2}% 18
\BOOKMARK [3][-]{subsubsection.2.3.1}{\376\377\127\072\146\157\122\007\143\142\155\101\172\013}{subsection.2.3}% 19
\BOOKMARK [3][-]{subsubsection.2.3.2}{\376\377\142\030\145\227\174\373\176\337\155\101\172\013}{subsection.2.3}% 20
\BOOKMARK [2][-]{subsection.2.4}{\376\377\116\073\211\201\226\276\160\271\116\016\211\343\121\263\145\271\150\110}{section.2}% 21
\BOOKMARK [1][-]{section.3}{\376\377\174\373\176\337\213\276\213\241}{}% 22
\BOOKMARK [2][-]{subsection.3.1}{\376\377\230\171\166\356\176\323\147\204}{section.3}% 23
\BOOKMARK [2][-]{subsection.3.2}{\376\377\174\173\126\376\121\163\174\373}{section.3}% 24
\BOOKMARK [2][-]{subsection.3.3}{\376\377\211\322\202\162\156\005\123\125}{section.3}% 25
\BOOKMARK [2][-]{subsection.3.4}{\376\377\145\160\143\156\227\000\154\102}{section.3}% 26
\BOOKMARK [3][-]{subsubsection.3.4.1}{\376\377\215\104\156\220\145\207\116\366}{subsection.3.4}% 27
\BOOKMARK [3][-]{subsubsection.3.4.2}{\376\377\000T\000M\000X\127\060\126\376\176\323\147\204}{subsection.3.4}% 28
\BOOKMARK [2][-]{subsection.3.5}{\376\377\213\346\176\306\213\276\213\241\211\304\150\074}{section.3}% 29
\BOOKMARK [3][-]{subsubsection.3.5.1}{\376\377\170\260\144\236\150\300\155\113\213\276\213\241}{subsection.3.5}% 30
\BOOKMARK [3][-]{subsubsection.3.5.2}{\376\377\133\371\213\335\174\373\176\337\213\276\213\241}{subsection.3.5}% 31
\BOOKMARK [3][-]{subsubsection.3.5.3}{\376\377\142\030\145\227\211\346\123\321\213\276\213\241}{subsection.3.5}% 32
\BOOKMARK [1][-]{section.4}{\376\377\213\250\213\272\140\073\176\323\116\016\123\315\140\035}{}% 33
\BOOKMARK [2][-]{subsection.4.1}{\376\377\121\163\225\056\145\066\203\267}{section.4}% 34
\BOOKMARK [2][-]{subsection.4.2}{\376\377\116\052\116\272\141\037\140\237}{section.4}% 35
\BOOKMARK [2][-]{subsection.4.3}{\376\377\124\016\176\355\210\114\122\250\213\241\122\022}{section.4}% 36
