\BOOKMARK [1][-]{section.1}{\376\377\137\025\212\000}{}% 1
\BOOKMARK [2][-]{subsection.1.1}{\376\377\177\026\121\231\166\356\166\204}{section.1}% 2
\BOOKMARK [2][-]{subsection.1.2}{\376\377\230\171\166\356\200\314\146\157}{section.1}% 3
\BOOKMARK [2][-]{subsection.1.3}{\376\377\133\232\116\111\116\016\177\051\121\231}{section.1}% 4
\BOOKMARK [2][-]{subsection.1.4}{\376\377\123\302\200\003\215\104\145\231}{section.1}% 5
\BOOKMARK [1][-]{section.2}{\376\377\230\171\166\356\151\202\217\360}{}% 6
\BOOKMARK [2][-]{subsection.2.1}{\376\377\116\247\124\301\143\317\217\360}{section.2}% 7
\BOOKMARK [2][-]{subsection.2.2}{\376\377\116\247\124\301\122\237\200\375}{section.2}% 8
\BOOKMARK [2][-]{subsection.2.3}{\376\377\165\050\142\067\162\171\137\201}{section.2}% 9
\BOOKMARK [2][-]{subsection.2.4}{\376\377\217\320\210\114\163\257\130\203}{section.2}% 10
\BOOKMARK [2][-]{subsection.2.5}{\376\377\176\246\147\137\147\141\116\366}{section.2}% 11
\BOOKMARK [1][-]{section.3}{\376\377\121\167\117\123\227\000\154\102}{}% 12
\BOOKMARK [2][-]{subsection.3.1}{\376\377\122\237\200\375\227\000\154\102}{section.3}% 13
\BOOKMARK [3][-]{subsubsection.3.1.1}{\376\377\127\072\146\157\146\076\171\072\152\041\127\127}{subsection.3.1}% 14
\BOOKMARK [3][-]{subsubsection.3.1.2}{\376\377\211\322\202\162\174\373\176\337\152\041\127\127}{subsection.3.1}% 15
\BOOKMARK [3][-]{subsubsection.3.1.3}{\376\377\143\247\122\066\174\373\176\337\152\041\127\127}{subsection.3.1}% 16
\BOOKMARK [3][-]{subsubsection.3.1.4}{\376\377\170\260\144\236\174\373\176\337\152\041\127\127}{subsection.3.1}% 17
\BOOKMARK [3][-]{subsubsection.3.1.5}{\376\377\127\072\146\157\173\241\164\006\152\041\127\127}{subsection.3.1}% 18
\BOOKMARK [3][-]{subsubsection.3.1.6}{\376\377\133\371\213\335\174\373\176\337\152\041\127\127}{subsection.3.1}% 19
\BOOKMARK [3][-]{subsubsection.3.1.7}{\376\377\142\030\145\227\174\373\176\337\152\041\127\127}{subsection.3.1}% 20
\BOOKMARK [3][-]{subsubsection.3.1.8}{\376\377\134\136\140\047\174\373\176\337\152\041\127\127}{subsection.3.1}% 21
\BOOKMARK [3][-]{subsubsection.3.1.9}{\376\377\227\363\145\110\174\373\176\337\152\041\127\127}{subsection.3.1}% 22
\BOOKMARK [2][-]{subsection.3.2}{\376\377\131\026\220\350\143\245\123\343\227\000\154\102}{section.3}% 23
\BOOKMARK [3][-]{subsubsection.3.2.1}{\376\377\165\050\142\067\165\114\227\142\143\245\123\343}{subsection.3.2}% 24
\BOOKMARK [3][-]{subsubsection.3.2.2}{\376\377\170\154\116\366\143\245\123\343}{subsection.3.2}% 25
\BOOKMARK [2][-]{subsection.3.3}{\376\377\227\136\122\237\200\375\227\000\154\102}{section.3}% 26
\BOOKMARK [1][-]{section.4}{\376\377\174\373\176\337\213\276\213\241}{}% 27
\BOOKMARK [2][-]{subsection.4.1}{\376\377\174\373\176\337\147\266\147\204}{section.4}% 28
\BOOKMARK [2][-]{subsection.4.2}{\376\377\174\173\213\276\213\241}{section.4}% 29
\BOOKMARK [2][-]{subsection.4.3}{\376\377\165\050\117\213\213\276\213\241}{section.4}% 30
\BOOKMARK [2][-]{subsection.4.4}{\376\377\162\266\140\001\213\276\213\241}{section.4}% 31
\BOOKMARK [3][-]{subsubsection.4.4.1}{\376\377\142\030\145\227\162\266\140\001}{subsection.4.4}% 32
\BOOKMARK [3][-]{subsubsection.4.4.2}{\376\377\163\251\133\266\162\266\140\001}{subsection.4.4}% 33
\BOOKMARK [2][-]{subsection.4.5}{\376\377\155\101\172\013\213\276\213\241}{section.4}% 34
\BOOKMARK [3][-]{subsubsection.4.5.1}{\376\377\133\236\145\366\142\030\145\227\155\101\172\013}{subsection.4.5}% 35
\BOOKMARK [3][-]{subsubsection.4.5.2}{\376\377\127\072\146\157\122\007\143\142\155\101\172\013}{subsection.4.5}% 36
\BOOKMARK [3][-]{subsubsection.4.5.3}{\376\377\000N\000P\000C\133\371\213\335\116\244\116\222}{subsection.4.5}% 37
\BOOKMARK [3][-]{subsubsection.4.5.4}{\376\377\142\030\145\227\116\244\116\222}{subsection.4.5}% 38
\BOOKMARK [1][-]{section.5}{\376\377\145\160\143\156\213\276\213\241}{}% 39
\BOOKMARK [2][-]{subsection.5.1}{\376\377\215\104\156\220\145\207\116\366}{section.5}% 40
\BOOKMARK [2][-]{subsection.5.2}{\376\377\000T\000M\000X\127\060\126\376\176\323\147\204}{section.5}% 41
\BOOKMARK [2][-]{subsection.5.3}{\376\377\163\251\133\266\134\136\140\047\221\115\177\156}{section.5}% 42
\BOOKMARK [2][-]{subsection.5.4}{\376\377\142\030\145\227\221\115\177\156}{section.5}% 43
\BOOKMARK [1][-]{section.6}{\376\377\226\104\137\125}{}% 44
\BOOKMARK [2][-]{subsection.6.1}{\376\377\230\171\166\356\176\323\147\204}{section.6}% 45
