\BOOKMARK [1][-]{section.1}{\376\377\137\025\212\000}{}% 1
\BOOKMARK [2][-]{subsection.1.1}{\376\377\177\026\121\231\166\356\166\204}{section.1}% 2
\BOOKMARK [2][-]{subsection.1.2}{\376\377\230\171\166\356\200\314\146\157}{section.1}% 3
\BOOKMARK [2][-]{subsection.1.3}{\376\377\147\057\213\355\116\016\177\051\121\231}{section.1}% 4
\BOOKMARK [2][-]{subsection.1.4}{\376\377\123\302\200\003\215\104\145\231}{section.1}% 5
\BOOKMARK [1][-]{section.2}{\376\377\174\373\176\337\140\073\117\123\213\276\213\241}{}% 6
\BOOKMARK [2][-]{subsection.2.1}{\376\377\174\373\176\337\147\266\147\204\213\276\213\241}{section.2}% 7
\BOOKMARK [2][-]{subsection.2.2}{\376\377\152\041\127\127\122\022\122\006\116\016\200\114\215\043}{section.2}% 8
\BOOKMARK [2][-]{subsection.2.3}{\376\377\142\200\147\057\220\011\127\213\116\016\117\235\143\156}{section.2}% 9
\BOOKMARK [1][-]{section.3}{\376\377\143\245\123\343\213\276\213\241}{}% 10
\BOOKMARK [2][-]{subsection.3.1}{\376\377\165\050\142\067\143\245\123\343\213\276\213\241}{section.3}% 11
\BOOKMARK [2][-]{subsection.3.2}{\376\377\121\205\220\350\143\245\123\343\213\276\213\241}{section.3}% 12
\BOOKMARK [1][-]{section.4}{\376\377\145\160\143\156\176\323\147\204\213\276\213\241}{}% 13
\BOOKMARK [2][-]{subsection.4.1}{\376\377\150\070\137\303\145\160\143\156\174\173\213\276\213\241}{section.4}% 14
\BOOKMARK [3][-]{subsubsection.4.1.1}{\376\377\000P\000l\000a\000y\000e\000r\000S\000t\000a\000t\000s\000\040\134\136\140\047\174\373\176\337}{subsection.4.1}% 15
\BOOKMARK [3][-]{subsubsection.4.1.2}{\376\377\000A\000c\000t\000o\000r\000B\000a\000s\000e\000\040\211\322\202\162\127\372\174\173}{subsection.4.1}% 16
\BOOKMARK [3][-]{subsubsection.4.1.3}{\376\377\000B\000a\000t\000t\000l\000e\000P\000l\000a\000y\000e\000r\000\040\142\030\145\227\163\251\133\266}{subsection.4.1}% 17
\BOOKMARK [3][-]{subsubsection.4.1.4}{\376\377\000E\000n\000e\000m\000y\000B\000a\000s\000e\000\040\145\114\116\272\127\372\174\173}{subsection.4.1}% 18
\BOOKMARK [2][-]{subsection.4.2}{\376\377\145\160\143\156\143\001\116\105\123\026\213\276\213\241}{section.4}% 19
\BOOKMARK [2][-]{subsection.4.3}{\376\377\215\104\156\220\145\207\116\366\176\323\147\204}{section.4}% 20
\BOOKMARK [1][-]{section.5}{\376\377\152\041\127\127\213\346\176\306\213\276\213\241}{}% 21
\BOOKMARK [2][-]{subsection.5.1}{\376\377\150\070\137\303\134\102\152\041\127\127}{section.5}% 22
\BOOKMARK [3][-]{subsubsection.5.1.1}{\376\377\000G\000a\000m\000e\116\073\174\173}{subsection.5.1}% 23
\BOOKMARK [3][-]{subsubsection.5.1.2}{\376\377\000S\000c\000e\000n\000e\000M\000a\000n\000a\000g\000e\000r\000\040\127\072\146\157\173\241\164\006\126\150}{subsection.5.1}% 24
\BOOKMARK [2][-]{subsection.5.2}{\376\377\211\322\202\162\134\102\152\041\127\127}{section.5}% 25
\BOOKMARK [3][-]{subsubsection.5.2.1}{\376\377\000P\000l\000a\000y\000e\000r\000\040\143\242\175\042\163\251\133\266}{subsection.5.2}% 26
\BOOKMARK [3][-]{subsubsection.5.2.2}{\376\377\000B\000a\000t\000t\000l\000e\000P\000l\000a\000y\000e\000r\000\040\142\030\145\227\163\251\133\266}{subsection.5.2}% 27
\BOOKMARK [3][-]{subsubsection.5.2.3}{\376\377\000E\000n\000e\000m\000y\000B\000a\000s\000e\000\040\145\114\116\272\000A\000I}{subsection.5.2}% 28
\BOOKMARK [2][-]{subsection.5.3}{\376\377\174\373\176\337\134\102\152\041\127\127}{section.5}% 29
\BOOKMARK [3][-]{subsubsection.5.3.1}{\376\377\000S\000o\000u\000n\000d\000S\000y\000s\000t\000e\000m\000\040\227\363\145\110\174\373\176\337}{subsection.5.3}% 30
\BOOKMARK [3][-]{subsubsection.5.3.2}{\376\377\000D\000i\000a\000l\000o\000g\000S\000y\000s\000t\000e\000m\000\040\133\371\213\335\174\373\176\337}{subsection.5.3}% 31
\BOOKMARK [2][-]{subsection.5.4}{\376\377\127\072\146\157\134\102\152\041\127\127}{section.5}% 32
\BOOKMARK [3][-]{subsubsection.5.4.1}{\376\377\000V\000i\000l\000l\000a\000g\000e\000S\000c\000e\000n\000e\000\040\147\121\136\204\127\072\146\157}{subsection.5.4}% 33
\BOOKMARK [3][-]{subsubsection.5.4.2}{\376\377\000B\000a\000t\000t\000l\000e\000S\000c\000e\000n\000e\000\040\142\030\145\227\127\072\146\157}{subsection.5.4}% 34
\BOOKMARK [2][-]{subsection.5.5}{\376\377\135\345\121\167\134\102\152\041\127\127}{section.5}% 35
\BOOKMARK [3][-]{subsubsection.5.5.1}{\376\377\000T\000i\000l\000e\000d\000S\000c\000e\000n\000e\000\040\000T\000M\000X\127\060\126\376\156\062\147\323\126\150}{subsection.5.5}% 36
\BOOKMARK [3][-]{subsubsection.5.5.2}{\376\377\000F\000a\000d\000e\000S\000c\000e\000n\000e\000\040\156\020\123\330\145\110\147\234}{subsection.5.5}% 37
\BOOKMARK [1][-]{section.6}{\376\377\173\227\154\325\213\276\213\241}{}% 38
\BOOKMARK [2][-]{subsection.6.1}{\376\377\170\260\144\236\150\300\155\113\173\227\154\325}{section.6}% 39
\BOOKMARK [2][-]{subsection.6.2}{\376\377\154\342\153\041\122\007\143\142\173\227\154\325}{section.6}% 40
\BOOKMARK [1][-]{section.7}{\376\377\217\320\210\114\163\257\130\203\116\016\220\350\177\162}{}% 41
\BOOKMARK [2][-]{subsection.7.1}{\376\377\217\320\210\114\163\257\130\203\211\201\154\102}{section.7}% 42
\BOOKMARK [2][-]{subsection.7.2}{\376\377\117\235\215\126\136\223\213\364\146\016}{section.7}% 43
\BOOKMARK [2][-]{subsection.7.3}{\376\377\230\171\166\356\220\350\177\162\213\364\146\016}{section.7}% 44
\BOOKMARK [1][-]{section.8}{\376\377\226\104\137\125}{}% 45
\BOOKMARK [2][-]{subsection.8.1}{\376\377\230\171\166\356\176\323\147\204}{section.8}% 46
\BOOKMARK [2][-]{subsection.8.2}{\376\377\145\160\143\156\155\101\126\376}{section.8}% 47
